[2025-03-03 15:03:15] Starting redeployment...
[2025-03-03 15:03:15] ❌ Redeployment failed! Status: 400
[2025-03-03 15:03:15] Response: 
[2025-03-03 15:03:15] --- Done ---
[2025-03-03 15:08:48] Starting redeployment...
[2025-03-03 15:08:48] ❌ Redeployment failed! Status: 400
[2025-03-03 15:08:48] Response: {"message":"invalid JSON"}
[2025-03-03 15:08:48] --- Done ---
[2025-03-03 15:09:26] Starting redeployment...
[2025-03-03 15:09:26] ❌ Redeployment failed! Status: 400
[2025-03-03 15:09:26] Response: {"message":"invalid JSON"}
[2025-03-03 15:09:26] --- Done ---
[2025-03-03 15:09:44] Starting redeployment...
[2025-03-03 15:09:44] ❌ Redeployment failed! Status: 400
[2025-03-03 15:09:44] Response: {"message":"invalid JSON"}
[2025-03-03 15:0w9:44] --- Done ---
[2025-03-03 15:10:06] Starting redeployment...
[2025-03-03 15:10:06] ❌ Redeployment failed! Status: 400
[2025-03-03 15:10:06] Response: {"message":"invalid JSON"}
[2025-03-03 15:10:06] --- Done ---
[2025-03-03 15:12:20] Starting redeployment...
[2025-03-03 15:12:20] ❌ Redeployment failed! Status: 400
[2025-03-03 15:12:20] Response: {"message":"invalid JSON"}
[2025-03-03 15:12:20] --- Done ---
[2025-03-03 15:22:09] Starting redeployment...
[2025-03-03 15:22:09] HTTP Status: 201
[2025-03-03 15:22:09] Response: {"id":"dep-cv2mdcl6l47c7380eu10","commit":{"id":"a51c90c87b4e4ddd7d4363d5b633c9cd9fc0cb54","message":"Create main.yml","createdAt":"2025-03-03T07:56:11Z"},"status":"build_in_progress","trigger":"api","createdAt":"2025-03-03T08:22:11.153685Z","updatedAt":"2025-03-03T08:22:11.153685Z","finishedAt":null}
[2025-03-03 15:22:09] ✅ Redeployment successful!
[2025-03-03 15:22:09] --- Done ---
[2025-03-03 15:27:29] Starting redeployment...
[2025-03-03 15:27:29] HTTP Status: 201
[2025-03-03 15:27:29] Response: {"id":"dep-cv2mfsjqf0us73fv72ug","commit":{"id":"a51c90c87b4e4ddd7d4363d5b633c9cd9fc0cb54","message":"Create main.yml","createdAt":"2025-03-03T07:56:11Z"},"status":"build_in_progress","trigger":"api","createdAt":"2025-03-03T08:27:30.742231Z","updatedAt":"2025-03-03T08:27:30.742231Z","finishedAt":null}
[2025-03-03 15:27:29] ✅ Redeployment successful!
[2025-03-03 15:27:29] --- Done ---
[2025-03-03 15:28:09] Starting redeployment...
[2025-03-03 15:28:09] HTTP Status: 201
[2025-03-03 15:28:09] Response: {"id":"dep-cv2mg6ij1k6c739m76i0","commit":{"id":"a51c90c87b4e4ddd7d4363d5b633c9cd9fc0cb54","message":"Create main.yml","createdAt":"2025-03-03T07:56:11Z"},"status":"build_in_progress","trigger":"api","createdAt":"2025-03-03T08:28:10.893328Z","updatedAt":"2025-03-03T08:28:10.893328Z","finishedAt":null}
[2025-03-03 15:28:09] ✅ Redeployment successful!
[2025-03-03 15:28:09] --- Done ---
[2025-03-03 15:42:19] Starting redeployment...
[2025-03-03 15:42:19] HTTP Status: 201
[2025-03-03 15:42:19] Response: {"id":"dep-cv2mmr3tq21c73f1t780","commit":{"id":"822fc4de255b56bc6ee58f8a2369678cfd696d58","message":"Update main.yml","createdAt":"2025-03-03T08:41:15Z"},"status":"build_in_progress","trigger":"api","createdAt":"2025-03-03T08:42:20.915416Z","updatedAt":"2025-03-03T08:42:20.915416Z","finishedAt":null}
[2025-03-03 15:42:19] ✅ Redeployment successful!
[2025-03-03 15:42:19] --- Done ---
